d:\学习\程设\大作业\学生成绩管理系统\学生成绩管理系统\debug\vc142.pdb
d:\学习\程设\大作业\学生成绩管理系统\学生成绩管理系统\debug\vc142.idb
d:\学习\程设\大作业\学生成绩管理系统\学生成绩管理系统\debug\ui.obj
d:\学习\程设\大作业\学生成绩管理系统\学生成绩管理系统\debug\subject.obj
d:\学习\程设\大作业\学生成绩管理系统\学生成绩管理系统\debug\student.obj
d:\学习\程设\大作业\学生成绩管理系统\学生成绩管理系统\debug\basic.obj
d:\学习\程设\大作业\学生成绩管理系统\学生成绩管理系统\debug\main.obj
d:\学习\程设\大作业\学生成绩管理系统\学生成绩管理系统\debug\info.obj
d:\学习\程设\大作业\学生成绩管理系统\学生成绩管理系统\debug\class.obj
d:\学习\程设\大作业\学生成绩管理系统\学生成绩管理系统\debug\changeinfo.obj
d:\学习\程设\大作业\学生成绩管理系统\debug\学生成绩管理系统.exe
d:\学习\程设\大作业\学生成绩管理系统\debug\学生成绩管理系统.ilk
d:\学习\程设\大作业\学生成绩管理系统\debug\学生成绩管理系统.pdb
d:\学习\程设\大作业\学生成绩管理系统\学生成绩管理系统\debug\学生成绩管理系统.res
d:\学习\程设\大作业\学生成绩管理系统\学生成绩管理系统\debug\学生成绩管理系统.tlog\cl.command.1.tlog
d:\学习\程设\大作业\学生成绩管理系统\学生成绩管理系统\debug\学生成绩管理系统.tlog\cl.read.1.tlog
d:\学习\程设\大作业\学生成绩管理系统\学生成绩管理系统\debug\学生成绩管理系统.tlog\cl.write.1.tlog
d:\学习\程设\大作业\学生成绩管理系统\学生成绩管理系统\debug\学生成绩管理系统.tlog\link.command.1.tlog
d:\学习\程设\大作业\学生成绩管理系统\学生成绩管理系统\debug\学生成绩管理系统.tlog\link.read.1.tlog
d:\学习\程设\大作业\学生成绩管理系统\学生成绩管理系统\debug\学生成绩管理系统.tlog\link.write.1.tlog
d:\学习\程设\大作业\学生成绩管理系统\学生成绩管理系统\debug\学生成绩管理系统.tlog\rc.command.1.tlog
d:\学习\程设\大作业\学生成绩管理系统\学生成绩管理系统\debug\学生成绩管理系统.tlog\rc.read.1.tlog
d:\学习\程设\大作业\学生成绩管理系统\学生成绩管理系统\debug\学生成绩管理系统.tlog\rc.write.1.tlog
