d:\学习\程设\大作业\学生成绩管理系统\学生成绩管理系统\release\vc142.pdb
d:\学习\程设\大作业\学生成绩管理系统\学生成绩管理系统\release\ui.obj
d:\学习\程设\大作业\学生成绩管理系统\学生成绩管理系统\release\subject.obj
d:\学习\程设\大作业\学生成绩管理系统\学生成绩管理系统\release\student.obj
d:\学习\程设\大作业\学生成绩管理系统\学生成绩管理系统\release\basic.obj
d:\学习\程设\大作业\学生成绩管理系统\学生成绩管理系统\release\main.obj
d:\学习\程设\大作业\学生成绩管理系统\学生成绩管理系统\release\info.obj
d:\学习\程设\大作业\学生成绩管理系统\学生成绩管理系统\release\class.obj
d:\学习\程设\大作业\学生成绩管理系统\学生成绩管理系统\release\manner.obj
d:\学习\程设\大作业\学生成绩管理系统\学生成绩管理系统\release\changeinfo.obj
d:\学习\程设\大作业\学生成绩管理系统\release\学生成绩管理系统.exe
d:\学习\程设\大作业\学生成绩管理系统\release\学生成绩管理系统.pdb
d:\学习\程设\大作业\学生成绩管理系统\学生成绩管理系统\release\学生成绩管理系统.res
d:\学习\程设\大作业\学生成绩管理系统\release\学生成绩管理系统.ipdb
d:\学习\程设\大作业\学生成绩管理系统\release\学生成绩管理系统.iobj
d:\学习\程设\大作业\学生成绩管理系统\学生成绩管理系统\release\学生成绩管理系统.tlog\cl.command.1.tlog
d:\学习\程设\大作业\学生成绩管理系统\学生成绩管理系统\release\学生成绩管理系统.tlog\cl.read.1.tlog
d:\学习\程设\大作业\学生成绩管理系统\学生成绩管理系统\release\学生成绩管理系统.tlog\cl.write.1.tlog
d:\学习\程设\大作业\学生成绩管理系统\学生成绩管理系统\release\学生成绩管理系统.tlog\link.command.1.tlog
d:\学习\程设\大作业\学生成绩管理系统\学生成绩管理系统\release\学生成绩管理系统.tlog\link.read.1.tlog
d:\学习\程设\大作业\学生成绩管理系统\学生成绩管理系统\release\学生成绩管理系统.tlog\link.write.1.tlog
d:\学习\程设\大作业\学生成绩管理系统\学生成绩管理系统\release\学生成绩管理系统.tlog\rc.command.1.tlog
d:\学习\程设\大作业\学生成绩管理系统\学生成绩管理系统\release\学生成绩管理系统.tlog\rc.read.1.tlog
d:\学习\程设\大作业\学生成绩管理系统\学生成绩管理系统\release\学生成绩管理系统.tlog\rc.write.1.tlog
d:\学习\程设\大作业\学生成绩管理系统\学生成绩管理系统\release\学生成绩管理系统.tlog\学生成绩管理系统.write.1u.tlog
